<?xml version="1.0" encoding="UTF-8"?>
<testsuite name="babmukja.system.recipe.RecipeApplicationTests" tests="1" skipped="0" failures="0" errors="0" timestamp="2025-09-05T07:29:47.703Z" hostname="DESKTOP-JTRJCTB" time="0.079">
  <properties/>
  <testcase name="contextLoads()" classname="babmukja.system.recipe.RecipeApplicationTests" time="0.079"/>
  <system-out><![CDATA[16:29:44.865 [Test worker] DEBUG org.springframework.test.context.BootstrapUtils - Instantiating CacheAwareContextLoaderDelegate from class [org.springframework.test.context.cache.DefaultCacheAwareContextLoaderDelegate]
16:29:44.872 [Test worker] DEBUG org.springframework.test.context.BootstrapUtils - Instantiating BootstrapContext using constructor [public org.springframework.test.context.support.DefaultBootstrapContext(java.lang.Class,org.springframework.test.context.CacheAwareContextLoaderDelegate)]
16:29:44.895 [Test worker] DEBUG org.springframework.test.context.BootstrapUtils - Instantiating TestContextBootstrapper for test class [babmukja.system.recipe.RecipeApplicationTests] from class [org.springframework.boot.test.context.SpringBootTestContextBootstrapper]
16:29:44.904 [Test worker] INFO org.springframework.boot.test.context.SpringBootTestContextBootstrapper - Neither @ContextConfiguration nor @ContextHierarchy found for test class [babmukja.system.recipe.RecipeApplicationTests], using SpringBootContextLoader
16:29:44.907 [Test worker] DEBUG org.springframework.test.context.support.AbstractContextLoader - Did not detect default resource location for test class [babmukja.system.recipe.RecipeApplicationTests]: class path resource [babmukja/system/recipe/RecipeApplicationTests-context.xml] does not exist
16:29:44.907 [Test worker] DEBUG org.springframework.test.context.support.AbstractContextLoader - Did not detect default resource location for test class [babmukja.system.recipe.RecipeApplicationTests]: class path resource [babmukja/system/recipe/RecipeApplicationTestsContext.groovy] does not exist
16:29:44.907 [Test worker] INFO org.springframework.test.context.support.AbstractContextLoader - Could not detect default resource locations for test class [babmukja.system.recipe.RecipeApplicationTests]: no resource found for suffixes {-context.xml, Context.groovy}.
16:29:44.908 [Test worker] INFO org.springframework.test.context.support.AnnotationConfigContextLoaderUtils - Could not detect default configuration classes for test class [babmukja.system.recipe.RecipeApplicationTests]: RecipeApplicationTests does not declare any static, non-private, non-final, nested classes annotated with @Configuration.
16:29:44.934 [Test worker] DEBUG org.springframework.test.context.support.ActiveProfilesUtils - Could not find an 'annotation declaring class' for annotation type [org.springframework.test.context.ActiveProfiles] and class [babmukja.system.recipe.RecipeApplicationTests]
16:29:44.978 [Test worker] DEBUG org.springframework.context.annotation.ClassPathScanningCandidateComponentProvider - Identified candidate component class: file [C:\vsspring\recipe\build\classes\java\main\babmukja\system\recipe\RecipeApplication.class]
16:29:44.979 [Test worker] INFO org.springframework.boot.test.context.SpringBootTestContextBootstrapper - Found @SpringBootConfiguration babmukja.system.recipe.RecipeApplication for test class babmukja.system.recipe.RecipeApplicationTests
16:29:45.042 [Test worker] DEBUG org.springframework.boot.test.context.SpringBootTestContextBootstrapper - @TestExecutionListeners is not present for class [babmukja.system.recipe.RecipeApplicationTests]: using defaults.
16:29:45.042 [Test worker] INFO org.springframework.boot.test.context.SpringBootTestContextBootstrapper - Loaded default TestExecutionListener class names from location [META-INF/spring.factories]: [org.springframework.boot.test.autoconfigure.restdocs.RestDocsTestExecutionListener, org.springframework.boot.test.autoconfigure.web.client.MockRestServiceServerResetTestExecutionListener, org.springframework.boot.test.autoconfigure.web.servlet.MockMvcPrintOnlyOnFailureTestExecutionListener, org.springframework.boot.test.autoconfigure.web.servlet.WebDriverTestExecutionListener, org.springframework.boot.test.autoconfigure.webservices.client.MockWebServiceServerTestExecutionListener, org.springframework.boot.test.mock.mockito.MockitoTestExecutionListener, org.springframework.boot.test.mock.mockito.ResetMocksTestExecutionListener, org.springframework.test.context.web.ServletTestExecutionListener, org.springframework.test.context.support.DirtiesContextBeforeModesTestExecutionListener, org.springframework.test.context.event.ApplicationEventsTestExecutionListener, org.springframework.test.context.support.DependencyInjectionTestExecutionListener, org.springframework.test.context.support.DirtiesContextTestExecutionListener, org.springframework.test.context.transaction.TransactionalTestExecutionListener, org.springframework.test.context.jdbc.SqlScriptsTestExecutionListener, org.springframework.test.context.event.EventPublishingTestExecutionListener]
16:29:45.052 [Test worker] INFO org.springframework.boot.test.context.SpringBootTestContextBootstrapper - Using TestExecutionListeners: [org.springframework.test.context.web.ServletTestExecutionListener@36b6964d, org.springframework.test.context.support.DirtiesContextBeforeModesTestExecutionListener@31198ceb, org.springframework.test.context.event.ApplicationEventsTestExecutionListener@9257031, org.springframework.boot.test.mock.mockito.MockitoTestExecutionListener@75201592, org.springframework.boot.test.autoconfigure.SpringBootDependencyInjectionTestExecutionListener@7726e185, org.springframework.test.context.support.DirtiesContextTestExecutionListener@aa5455e, org.springframework.test.context.transaction.TransactionalTestExecutionListener@282308c3, org.springframework.test.context.jdbc.SqlScriptsTestExecutionListener@5dda14d0, org.springframework.test.context.event.EventPublishingTestExecutionListener@1db0ec27, org.springframework.boot.test.autoconfigure.restdocs.RestDocsTestExecutionListener@3d9fc57a, org.springframework.boot.test.autoconfigure.web.client.MockRestServiceServerResetTestExecutionListener@d4ab71a, org.springframework.boot.test.autoconfigure.web.servlet.MockMvcPrintOnlyOnFailureTestExecutionListener@3b4ef7, org.springframework.boot.test.autoconfigure.web.servlet.WebDriverTestExecutionListener@1af05b03, org.springframework.boot.test.autoconfigure.webservices.client.MockWebServiceServerTestExecutionListener@5987e932, org.springframework.boot.test.mock.mockito.ResetMocksTestExecutionListener@1ad777f]
16:29:45.054 [Test worker] DEBUG org.springframework.test.context.support.AbstractDirtiesContextTestExecutionListener - Before test class: context [DefaultTestContext@1e8823d2 testClass = RecipeApplicationTests, testInstance = [null], testMethod = [null], testException = [null], mergedContextConfiguration = [WebMergedContextConfiguration@c1a4620 testClass = RecipeApplicationTests, locations = '{}', classes = '{class babmukja.system.recipe.RecipeApplication}', contextInitializerClasses = '[]', activeProfiles = '{}', propertySourceLocations = '{}', propertySourceProperties = '{org.springframework.boot.test.context.SpringBootTestContextBootstrapper=true}', contextCustomizers = set[org.springframework.boot.test.autoconfigure.actuate.metrics.MetricsExportContextCustomizerFactory$DisableMetricExportContextCustomizer@2b43529a, org.springframework.boot.test.autoconfigure.properties.PropertyMappingContextCustomizer@0, org.springframework.boot.test.autoconfigure.web.servlet.WebDriverContextCustomizerFactory$Customizer@3234f74e, org.springframework.boot.test.context.filter.ExcludeFilterContextCustomizer@26a4842b, org.springframework.boot.test.json.DuplicateJsonObjectContextCustomizerFactory$DuplicateJsonObjectContextCustomizer@a5b0b86, org.springframework.boot.test.mock.mockito.MockitoContextCustomizer@0, org.springframework.boot.test.web.client.TestRestTemplateContextCustomizer@2dbf4cbd, org.springframework.boot.test.context.SpringBootTestArgs@1, org.springframework.boot.test.context.SpringBootTestWebEnvironment@1d483de4], resourceBasePath = 'src/main/webapp', contextLoader = 'org.springframework.boot.test.context.SpringBootContextLoader', parent = [null]], attributes = map['org.springframework.test.context.web.ServletTestExecutionListener.activateListener' -> true]], class annotated with @DirtiesContext [false] with mode [null].

  .   ____          _            __ _ _
 /\\ / ___'_ __ _ _(_)_ __  __ _ \ \ \ \
( ( )\___ | '_ | '_| | '_ \/ _` | \ \ \ \
 \\/  ___)| |_)| | | | | || (_| |  ) ) ) )
  '  |____| .__|_| |_|_| |_\__, | / / / /
 =========|_|==============|___/=/_/_/_/
 :: Spring Boot ::                (v2.7.5)

2025-09-05 16:29:45.269  INFO 10912 --- [    Test worker] b.system.recipe.RecipeApplicationTests   : Starting RecipeApplicationTests using Java 11.0.20 on DESKTOP-JTRJCTB with PID 10912 (started by rira8515 in C:\vsspring\recipe)
2025-09-05 16:29:45.270  INFO 10912 --- [    Test worker] b.system.recipe.RecipeApplicationTests   : No active profile set, falling back to 1 default profile: "default"
2025-09-05 16:29:45.715  INFO 10912 --- [    Test worker] .s.d.r.c.RepositoryConfigurationDelegate : Bootstrapping Spring Data JPA repositories in DEFAULT mode.
2025-09-05 16:29:45.731  INFO 10912 --- [    Test worker] .s.d.r.c.RepositoryConfigurationDelegate : Finished Spring Data repository scanning in 9 ms. Found 0 JPA repository interfaces.
2025-09-05 16:29:46.078  INFO 10912 --- [    Test worker] com.zaxxer.hikari.HikariDataSource       : HikariPool-1 - Starting...
2025-09-05 16:29:46.123  INFO 10912 --- [    Test worker] com.zaxxer.hikari.HikariDataSource       : HikariPool-1 - Start completed.
2025-09-05 16:29:46.168  INFO 10912 --- [    Test worker] o.hibernate.jpa.internal.util.LogHelper  : HHH000204: Processing PersistenceUnitInfo [name: default]
2025-09-05 16:29:46.202  INFO 10912 --- [    Test worker] org.hibernate.Version                    : HHH000412: Hibernate ORM core version 5.6.12.Final
2025-09-05 16:29:46.329  INFO 10912 --- [    Test worker] o.hibernate.annotations.common.Version   : HCANN000001: Hibernate Commons Annotations {5.1.2.Final}
2025-09-05 16:29:46.428  INFO 10912 --- [    Test worker] org.hibernate.dialect.Dialect            : HHH000400: Using dialect: org.hibernate.dialect.MariaDB53Dialect
2025-09-05 16:29:46.804  INFO 10912 --- [    Test worker] o.h.e.t.j.p.i.JtaPlatformInitiator       : HHH000490: Using JtaPlatform implementation: [org.hibernate.engine.transaction.jta.platform.internal.NoJtaPlatform]
2025-09-05 16:29:46.810  INFO 10912 --- [    Test worker] j.LocalContainerEntityManagerFactoryBean : Initialized JPA EntityManagerFactory for persistence unit 'default'
2025-09-05 16:29:46.954  WARN 10912 --- [    Test worker] .s.s.UserDetailsServiceAutoConfiguration : 

Using generated security password: 624286d7-7336-466c-9c4a-24f69d0dab99

This generated password is for development use only. Your security configuration must be updated before running your application in production.

2025-09-05 16:29:47.080  WARN 10912 --- [    Test worker] JpaBaseConfiguration$JpaWebConfiguration : spring.jpa.open-in-view is enabled by default. Therefore, database queries may be performed during view rendering. Explicitly configure spring.jpa.open-in-view to disable this warning
2025-09-05 16:29:47.145  INFO 10912 --- [    Test worker] o.s.b.a.w.s.WelcomePageHandlerMapping    : Adding welcome page: class path resource [static/index.html]
2025-09-05 16:29:47.350  INFO 10912 --- [    Test worker] o.s.s.web.DefaultSecurityFilterChain     : Will secure any request with [org.springframework.security.web.session.DisableEncodeUrlFilter@3294102e, org.springframework.security.web.context.request.async.WebAsyncManagerIntegrationFilter@5a69b3cf, org.springframework.security.web.context.SecurityContextPersistenceFilter@22172b00, org.springframework.security.web.header.HeaderWriterFilter@42805abe, org.springframework.web.filter.CorsFilter@7c460, org.springframework.security.web.authentication.logout.LogoutFilter@1fd35a92, babmukja.system.recipe.config.JwtFilter@59e4a044, org.springframework.security.web.savedrequest.RequestCacheAwareFilter@29dfc68f, org.springframework.security.web.servletapi.SecurityContextHolderAwareRequestFilter@320ba79f, org.springframework.security.web.authentication.AnonymousAuthenticationFilter@4be3de36, org.springframework.security.web.session.SessionManagementFilter@76105ac0, org.springframework.security.web.access.ExceptionTranslationFilter@f4d391c, org.springframework.security.web.access.intercept.FilterSecurityInterceptor@768e40af]
2025-09-05 16:29:47.357  WARN 10912 --- [    Test worker] o.s.s.c.a.web.builders.WebSecurity       : You are asking Spring Security to ignore org.springframework.boot.autoconfigure.security.servlet.StaticResourceRequest$StaticResourceRequestMatcher@278c67a7. This is not recommended -- please use permitAll via HttpSecurity#authorizeHttpRequests instead.
2025-09-05 16:29:47.357  INFO 10912 --- [    Test worker] o.s.s.web.DefaultSecurityFilterChain     : Will not secure org.springframework.boot.autoconfigure.security.servlet.StaticResourceRequest$StaticResourceRequestMatcher@278c67a7
2025-09-05 16:29:47.690  INFO 10912 --- [    Test worker] b.system.recipe.RecipeApplicationTests   : Started RecipeApplicationTests in 2.613 seconds (JVM running for 3.412)
]]></system-out>
  <system-err><![CDATA[]]></system-err>
</testsuite>
